Using pre-set license
Built from '2020.2/release' branch; Version is '2020.2.2f1 (068178b99f32) revision 426360'; Using compiler version '192528614'; Build Type 'Release'
OS: 'Windows 10 Home; OS build 19042.1165; Version 2009; 64bit' Language: 'en' Physical Memory: 16265 MB
BatchMode: 1, IsHumanControllingUs: 0, StartBugReporterOnCrash: 0, Is64bit: 1, IsPro: 0

 COMMAND LINE ARGUMENTS:
D:\unity\2020.2.2f1\Editor\Unity.exe
-adb2
-batchMode
-noUpm
-name
AssetImportWorker0
-projectPath
D:/Year3/WorkExpProject/S00182367.github.io/Platformer2D
-logFile
Logs/AssetImportWorker0.log
-srvPort
52336
Successfully changed project path to: D:/Year3/WorkExpProject/S00182367.github.io/Platformer2D
D:/Year3/WorkExpProject/S00182367.github.io/Platformer2D
Using Asset Import Pipeline V2.
Refreshing native plugins compatible for Editor in 41.14 ms, found 1 plugins.
Preloading 0 native plugins for Editor in 0.00 ms.
Initialize engine version: 2020.2.2f1 (068178b99f32)
[Subsystems] Discovering subsystems at path D:/unity/2020.2.2f1/Editor/Data/Resources/UnitySubsystems
[Subsystems] Discovering subsystems at path D:/Year3/WorkExpProject/S00182367.github.io/Platformer2D/Assets
GfxDevice: creating device client; threaded=0
Direct3D:
    Version:  Direct3D 11.0 [level 11.1]
    Renderer: NVIDIA GeForce GTX 1060 (ID=0x1c20)
    Vendor:   
    VRAM:     2987 MB
    Driver:   27.21.14.6627
Initialize mono
Mono path[0] = 'D:/unity/2020.2.2f1/Editor/Data/Managed'
Mono path[1] = 'D:/unity/2020.2.2f1/Editor/Data/MonoBleedingEdge/lib/mono/unityjit'
Mono config path = 'D:/unity/2020.2.2f1/Editor/Data/MonoBleedingEdge/etc'
Using monoOptions --debugger-agent=transport=dt_socket,embedding=1,server=y,suspend=n,address=127.0.0.1:56892
Begin MonoManager ReloadAssembly
Registering precompiled unity dll's ...
Register platform support module: D:/unity/2020.2.2f1/Editor/Data/PlaybackEngines/WindowsStandaloneSupport/UnityEditor.WindowsStandalone.Extensions.dll
Registered in 0.001418 seconds.
Native extension for WindowsStandalone target not found
Refreshing native plugins compatible for Editor in 41.24 ms, found 1 plugins.
Preloading 0 native plugins for Editor in 0.00 ms.
Invoked RoslynAnalysisRunner static constructor.
RoslynAnalysisRunner will not be running.
RoslynAnalysisRunner has terminated.
Mono: successfully reloaded assembly
- Completed reload, in  2.685 seconds
Platform modules already initialized, skipping
Registering precompiled user dll's ...
Registered in 0.001405 seconds.
Begin MonoManager ReloadAssembly
Native extension for WindowsStandalone target not found
Refreshing native plugins compatible for Editor in 44.87 ms, found 1 plugins.
Preloading 0 native plugins for Editor in 0.00 ms.
Invoked RoslynAnalysisRunner static constructor.
RoslynAnalysisRunner will not be running.
RoslynAnalysisRunner has terminated.
Mono: successfully reloaded assembly
- Completed reload, in  1.148 seconds
Platform modules already initialized, skipping
========================================================================
Worker process is ready to serve import requests
Launched and connected shader compiler UnityShaderCompiler.exe after 0.07 seconds
Refreshing native plugins compatible for Editor in 0.39 ms, found 1 plugins.
Preloading 0 native plugins for Editor in 0.00 ms.
Unloading 1824 Unused Serialized files (Serialized files now loaded: 0)
System memory in use before: 85.0 MB.
System memory in use after: 85.0 MB.

Unloading 24 unused Assets to reduce memory usage. Loaded Objects now: 2266.
Total: 3.294900 ms (FindLiveObjects: 0.303500 ms CreateObjectMapping: 0.777800 ms MarkObjects: 2.030400 ms  DeleteObjects: 0.182000 ms)

========================================================================
Received Import Request.
  path: Assets/2D Platformer Assets/Graphics/My Stuff
  artifactKey: Guid(c82e38b1f8be0d0429809b64a0e0b243) Importer(815301076,1909f56bfc062723c751e8b465ee728b)
Start importing Assets/2D Platformer Assets/Graphics/My Stuff using Guid(c82e38b1f8be0d0429809b64a0e0b243) Importer(815301076,1909f56bfc062723c751e8b465ee728b)  -> (artifact id: '3f3f06b54760be234a500d2f912a5b54') in 0.008182 seconds
  Import took 0.011103 seconds .

========================================================================
Received Import Request.
  Time since last request: 34.262093 seconds.
  path: Assets/2D Platformer Assets/Graphics/My Stuff/PlayerIdel.lnk
  artifactKey: Guid(8537b2f458c1ef54fa8c66d3d63459a8) Importer(815301076,1909f56bfc062723c751e8b465ee728b)
Start importing Assets/2D Platformer Assets/Graphics/My Stuff/PlayerIdel.lnk using Guid(8537b2f458c1ef54fa8c66d3d63459a8) Importer(815301076,1909f56bfc062723c751e8b465ee728b)  -> (artifact id: '19b4223e5c30a7b7651ec2db64fb61c9') in 0.055531 seconds
  Import took 0.233062 seconds .

========================================================================
Received Import Request.
  Time since last request: 23.889346 seconds.
  path: Assets/2D Platformer Assets/Graphics/My Stuff/Bone.lnk
  artifactKey: Guid(451067968bd736048b59e0b587ac09d9) Importer(815301076,1909f56bfc062723c751e8b465ee728b)
Start importing Assets/2D Platformer Assets/Graphics/My Stuff/Bone.lnk using Guid(451067968bd736048b59e0b587ac09d9) Importer(815301076,1909f56bfc062723c751e8b465ee728b)  -> (artifact id: '4677341c1b1f0a15577d402f35a24de2') in 0.126863 seconds
  Import took 0.131160 seconds .

========================================================================
Received Import Request.
  Time since last request: 21.217925 seconds.
  path: Assets/2D Platformer Assets/Graphics/My Stuff/20210825_192852(1)(2).png
  artifactKey: Guid(51809ab8d4dd5fa42b2317c2d92ab98b) Importer(815301076,1909f56bfc062723c751e8b465ee728b)
Start importing Assets/2D Platformer Assets/Graphics/My Stuff/20210825_192852(1)(2).png using Guid(51809ab8d4dd5fa42b2317c2d92ab98b) Importer(815301076,1909f56bfc062723c751e8b465ee728b)  -> (artifact id: '1ce64201352d3f1c0a3f94b6bfdff3aa') in 0.103738 seconds
  Import took 0.108701 seconds .

========================================================================
Received Import Request.
  Time since last request: 0.024560 seconds.
  path: Assets/2D Platformer Assets/Graphics/My Stuff/20210825_192852(1)(2).png
  artifactKey: Guid(51809ab8d4dd5fa42b2317c2d92ab98b) Importer(815301076,1909f56bfc062723c751e8b465ee728b)
Start importing Assets/2D Platformer Assets/Graphics/My Stuff/20210825_192852(1)(2).png using Guid(51809ab8d4dd5fa42b2317c2d92ab98b) Importer(815301076,1909f56bfc062723c751e8b465ee728b)  -> (artifact id: '1ce64201352d3f1c0a3f94b6bfdff3aa') in 0.013767 seconds
  Import took 0.017189 seconds .

========================================================================
Received Import Request.
  Time since last request: 10.456351 seconds.
  path: Assets/2D Platformer Assets/Graphics/My Stuff/BoneBadge.lnk
  artifactKey: Guid(c4feb75fb1a719244a2e9e1e56c1d63e) Importer(815301076,1909f56bfc062723c751e8b465ee728b)
Start importing Assets/2D Platformer Assets/Graphics/My Stuff/BoneBadge.lnk using Guid(c4feb75fb1a719244a2e9e1e56c1d63e) Importer(815301076,1909f56bfc062723c751e8b465ee728b)  -> (artifact id: '78ee7b445a6c001081689bdbc9d3d59a') in 0.012804 seconds
  Import took 0.018175 seconds .

========================================================================
Received Import Request.
  Time since last request: 5.286595 seconds.
  path: Assets/2D Platformer Assets/Graphics/My Stuff/Food.lnk
  artifactKey: Guid(c417e94fc21cae64a8dba70b46e1f56a) Importer(815301076,1909f56bfc062723c751e8b465ee728b)
Start importing Assets/2D Platformer Assets/Graphics/My Stuff/Food.lnk using Guid(c417e94fc21cae64a8dba70b46e1f56a) Importer(815301076,1909f56bfc062723c751e8b465ee728b)  -> (artifact id: '9823b5b029205425403a4a3b9029182b') in 0.009643 seconds
  Import took 0.119224 seconds .

========================================================================
Received Import Request.
  Time since last request: 7.413511 seconds.
  path: Assets/2D Platformer Assets/Graphics/My Stuff/MapMove.lnk
  artifactKey: Guid(621f0497e1cd7ab4f8eac3dba202bbea) Importer(815301076,1909f56bfc062723c751e8b465ee728b)
Start importing Assets/2D Platformer Assets/Graphics/My Stuff/MapMove.lnk using Guid(621f0497e1cd7ab4f8eac3dba202bbea) Importer(815301076,1909f56bfc062723c751e8b465ee728b)  -> (artifact id: '0fc5ba25fb0f9fb05735d0d1133f46cc') in 0.010880 seconds
  Import took 0.016113 seconds .

========================================================================
Received Import Request.
  Time since last request: 28.463078 seconds.
  path: Assets/2D Platformer Assets/Graphics/My Stuff/New Piskel(4).png
  artifactKey: Guid(0d67993533d6cda4f8328c3d15808e53) Importer(815301076,1909f56bfc062723c751e8b465ee728b)
Start importing Assets/2D Platformer Assets/Graphics/My Stuff/New Piskel(4).png using Guid(0d67993533d6cda4f8328c3d15808e53) Importer(815301076,1909f56bfc062723c751e8b465ee728b)  -> (artifact id: '37c504f0c490bc5b340bcf9d90fd4c37') in 0.017161 seconds
  Import took 0.020843 seconds .

========================================================================
Received Import Request.
  Time since last request: 103.835937 seconds.
  path: Assets/2D Platformer Assets/Graphics/My Stuff/20210825_192852(1)(2).png
  artifactKey: Guid(51809ab8d4dd5fa42b2317c2d92ab98b) Importer(815301076,1909f56bfc062723c751e8b465ee728b)
Start importing Assets/2D Platformer Assets/Graphics/My Stuff/20210825_192852(1)(2).png using Guid(51809ab8d4dd5fa42b2317c2d92ab98b) Importer(815301076,1909f56bfc062723c751e8b465ee728b)  -> (artifact id: '6172d1d330bd0e5ddcad2d7dba862f34') in 0.013282 seconds
  Import took 0.016923 seconds .

========================================================================
Received Import Request.
  Time since last request: 0.048667 seconds.
  path: Assets/2D Platformer Assets/Graphics/My Stuff/20210825_192852(1)(2).png
  artifactKey: Guid(51809ab8d4dd5fa42b2317c2d92ab98b) Importer(815301076,1909f56bfc062723c751e8b465ee728b)
Start importing Assets/2D Platformer Assets/Graphics/My Stuff/20210825_192852(1)(2).png using Guid(51809ab8d4dd5fa42b2317c2d92ab98b) Importer(815301076,1909f56bfc062723c751e8b465ee728b)  -> (artifact id: '6172d1d330bd0e5ddcad2d7dba862f34') in 0.007569 seconds
  Import took 0.010975 seconds .

========================================================================
Received Import Request.
  Time since last request: 27.742798 seconds.
  path: Assets/2D Platformer Assets/Graphics/My Stuff/20210825_192852(1)(2).png
  artifactKey: Guid(51809ab8d4dd5fa42b2317c2d92ab98b) Importer(815301076,1909f56bfc062723c751e8b465ee728b)
Start importing Assets/2D Platformer Assets/Graphics/My Stuff/20210825_192852(1)(2).png using Guid(51809ab8d4dd5fa42b2317c2d92ab98b) Importer(815301076,1909f56bfc062723c751e8b465ee728b)  -> (artifact id: '6cd130c28e6c3844e06c8f71e1292bcb') in 0.026058 seconds
  Import took 0.030326 seconds .

========================================================================
Received Prepare
Registering precompiled user dll's ...
Registered in 0.001038 seconds.
Begin MonoManager ReloadAssembly
Native extension for WindowsStandalone target not found
Refreshing native plugins compatible for Editor in 0.37 ms, found 1 plugins.
Preloading 0 native plugins for Editor in 0.00 ms.
Invoked RoslynAnalysisRunner static constructor.
RoslynAnalysisRunner will not be running.
RoslynAnalysisRunner has terminated.
Mono: successfully reloaded assembly
- Completed reload, in  1.216 seconds
Platform modules already initialized, skipping
Refreshing native plugins compatible for Editor in 1.12 ms, found 1 plugins.
Preloading 0 native plugins for Editor in 0.00 ms.
Unloading 1819 Unused Serialized files (Serialized files now loaded: 0)
System memory in use before: 88.2 MB.
System memory in use after: 88.2 MB.

Unloading 12 unused Assets to reduce memory usage. Loaded Objects now: 2279.
Total: 2.288000 ms (FindLiveObjects: 0.229700 ms CreateObjectMapping: 0.071600 ms MarkObjects: 1.823800 ms  DeleteObjects: 0.161800 ms)

========================================================================
Received Prepare
Registering precompiled user dll's ...
Registered in 0.001103 seconds.
Begin MonoManager ReloadAssembly
Native extension for WindowsStandalone target not found
Refreshing native plugins compatible for Editor in 0.36 ms, found 1 plugins.
Preloading 0 native plugins for Editor in 0.00 ms.
Invoked RoslynAnalysisRunner static constructor.
RoslynAnalysisRunner will not be running.
RoslynAnalysisRunner has terminated.
Mono: successfully reloaded assembly
- Completed reload, in  1.092 seconds
Platform modules already initialized, skipping
Refreshing native plugins compatible for Editor in 0.36 ms, found 1 plugins.
Preloading 0 native plugins for Editor in 0.00 ms.
Unloading 1819 Unused Serialized files (Serialized files now loaded: 0)
System memory in use before: 88.3 MB.
System memory in use after: 88.3 MB.

Unloading 12 unused Assets to reduce memory usage. Loaded Objects now: 2282.
Total: 2.608500 ms (FindLiveObjects: 0.295600 ms CreateObjectMapping: 0.203700 ms MarkObjects: 1.911400 ms  DeleteObjects: 0.196300 ms)

========================================================================
Received Import Request.
  Time since last request: 621.408033 seconds.
  path: Assets/2D Platformer Assets/Graphics/My Stuff/New Piskel(1).png
  artifactKey: Guid(5d060169c6f17ae4297fc61f6b6552ff) Importer(815301076,1909f56bfc062723c751e8b465ee728b)
Start importing Assets/2D Platformer Assets/Graphics/My Stuff/New Piskel(1).png using Guid(5d060169c6f17ae4297fc61f6b6552ff) Importer(815301076,1909f56bfc062723c751e8b465ee728b)  -> (artifact id: 'cf8332986e93a817a72b99c6baaf2b90') in 0.062949 seconds
  Import took 0.067376 seconds .

========================================================================
Received Import Request.
  Time since last request: 8.864645 seconds.
  path: Assets/2D Platformer Assets/Graphics/My Stuff/New Piskel(1).png
  artifactKey: Guid(5d060169c6f17ae4297fc61f6b6552ff) Importer(815301076,1909f56bfc062723c751e8b465ee728b)
Start importing Assets/2D Platformer Assets/Graphics/My Stuff/New Piskel(1).png using Guid(5d060169c6f17ae4297fc61f6b6552ff) Importer(815301076,1909f56bfc062723c751e8b465ee728b)  -> (artifact id: 'e8050f07177ea94bff61d8f92ce094dc') in 0.012517 seconds
  Import took 0.015939 seconds .

========================================================================
Received Import Request.
  Time since last request: 0.055491 seconds.
  path: Assets/2D Platformer Assets/Graphics/My Stuff/New Piskel(1).png
  artifactKey: Guid(5d060169c6f17ae4297fc61f6b6552ff) Importer(815301076,1909f56bfc062723c751e8b465ee728b)
Start importing Assets/2D Platformer Assets/Graphics/My Stuff/New Piskel(1).png using Guid(5d060169c6f17ae4297fc61f6b6552ff) Importer(815301076,1909f56bfc062723c751e8b465ee728b)  -> (artifact id: 'e8050f07177ea94bff61d8f92ce094dc') in 0.008079 seconds
  Import took 0.013141 seconds .

========================================================================
Received Import Request.
  Time since last request: 9.854458 seconds.
  path: Assets/2D Platformer Assets/Graphics/My Stuff/New Piskel(1).png
  artifactKey: Guid(5d060169c6f17ae4297fc61f6b6552ff) Importer(815301076,1909f56bfc062723c751e8b465ee728b)
Start importing Assets/2D Platformer Assets/Graphics/My Stuff/New Piskel(1).png using Guid(5d060169c6f17ae4297fc61f6b6552ff) Importer(815301076,1909f56bfc062723c751e8b465ee728b)  -> (artifact id: 'bcb218a02a56ab5fb0a010e0b238bc97') in 0.020355 seconds
  Import took 0.024407 seconds .

========================================================================
Received Prepare
Registering precompiled user dll's ...
Registered in 0.001564 seconds.
Begin MonoManager ReloadAssembly
Native extension for WindowsStandalone target not found
Refreshing native plugins compatible for Editor in 0.35 ms, found 1 plugins.
Preloading 0 native plugins for Editor in 0.00 ms.
Invoked RoslynAnalysisRunner static constructor.
RoslynAnalysisRunner will not be running.
RoslynAnalysisRunner has terminated.
Mono: successfully reloaded assembly
- Completed reload, in  1.250 seconds
Platform modules already initialized, skipping
Refreshing native plugins compatible for Editor in 0.47 ms, found 1 plugins.
Preloading 0 native plugins for Editor in 0.00 ms.
Unloading 1819 Unused Serialized files (Serialized files now loaded: 0)
System memory in use before: 88.4 MB.
System memory in use after: 88.4 MB.

Unloading 12 unused Assets to reduce memory usage. Loaded Objects now: 2290.
Total: 2.341900 ms (FindLiveObjects: 0.286200 ms CreateObjectMapping: 0.122300 ms MarkObjects: 1.762000 ms  DeleteObjects: 0.170200 ms)

AssetImportWorkerClient::OnTransportError - code=2 error=End of file
